<?xml version="1.0" encoding="UTF-8"?>
<coverage generated="1753324904846" clover="3.2.0">
  <project timestamp="1753324904846" name="All files">
    <metrics statements="88" coveredstatements="88" conditionals="14" coveredconditionals="14" methods="39" coveredmethods="15" elements="141" coveredelements="117" complexity="0" loc="88" ncloc="88" packages="11" files="23" classes="23"/>
    <package name="src">
      <metrics statements="3" coveredstatements="3" conditionals="0" coveredconditionals="0" methods="1" coveredmethods="1"/>
      <file name="index.ts" path="C:\Users\Tech_Pefti\Downloads\adegboyega_oluwapelumi_ui_garden-master (2)\adegboyega_oluwapelumi_ui_garden-master\src\index.ts">
        <metrics statements="3" coveredstatements="3" conditionals="0" coveredconditionals="0" methods="1" coveredmethods="1"/>
        <line num="1" count="1" type="stmt"/>
        <line num="3" count="1" type="stmt"/>
        <line num="4" count="1" type="stmt"/>
      </file>
    </package>
    <package name="src.components">
      <metrics statements="17" coveredstatements="17" conditionals="0" coveredconditionals="0" methods="12" coveredmethods="0"/>
      <file name="index.ts" path="C:\Users\Tech_Pefti\Downloads\adegboyega_oluwapelumi_ui_garden-master (2)\adegboyega_oluwapelumi_ui_garden-master\src\components\index.ts">
        <metrics statements="17" coveredstatements="17" conditionals="0" coveredconditionals="0" methods="12" coveredmethods="0"/>
        <line num="1" count="1" type="stmt"/>
        <line num="2" count="1" type="stmt"/>
        <line num="4" count="1" type="stmt"/>
        <line num="5" count="1" type="stmt"/>
        <line num="7" count="1" type="stmt"/>
        <line num="8" count="1" type="stmt"/>
        <line num="9" count="1" type="stmt"/>
        <line num="11" count="1" type="stmt"/>
        <line num="12" count="1" type="stmt"/>
        <line num="14" count="1" type="stmt"/>
        <line num="15" count="1" type="stmt"/>
        <line num="17" count="1" type="stmt"/>
        <line num="18" count="1" type="stmt"/>
        <line num="20" count="1" type="stmt"/>
        <line num="21" count="1" type="stmt"/>
        <line num="23" count="1" type="stmt"/>
        <line num="24" count="1" type="stmt"/>
      </file>
    </package>
    <package name="src.components.Button">
      <metrics statements="6" coveredstatements="6" conditionals="2" coveredconditionals="2" methods="2" coveredmethods="1"/>
      <file name="Button.tsx" path="C:\Users\Tech_Pefti\Downloads\adegboyega_oluwapelumi_ui_garden-master (2)\adegboyega_oluwapelumi_ui_garden-master\src\components\Button\Button.tsx">
        <metrics statements="4" coveredstatements="4" conditionals="2" coveredconditionals="2" methods="1" coveredmethods="1"/>
        <line num="1" count="2" type="stmt"/>
        <line num="4" count="2" type="stmt"/>
        <line num="5" count="2" type="stmt"/>
        <line num="17" count="2" type="stmt"/>
      </file>
      <file name="index.ts" path="C:\Users\Tech_Pefti\Downloads\adegboyega_oluwapelumi_ui_garden-master (2)\adegboyega_oluwapelumi_ui_garden-master\src\components\Button\index.ts">
        <metrics statements="2" coveredstatements="2" conditionals="0" coveredconditionals="0" methods="1" coveredmethods="0"/>
        <line num="1" count="1" type="stmt"/>
        <line num="2" count="1" type="stmt"/>
      </file>
    </package>
    <package name="src.components.Card">
      <metrics statements="5" coveredstatements="5" conditionals="0" coveredconditionals="0" methods="2" coveredmethods="1"/>
      <file name="Card.tsx" path="C:\Users\Tech_Pefti\Downloads\adegboyega_oluwapelumi_ui_garden-master (2)\adegboyega_oluwapelumi_ui_garden-master\src\components\Card\Card.tsx">
        <metrics statements="3" coveredstatements="3" conditionals="0" coveredconditionals="0" methods="1" coveredmethods="1"/>
        <line num="1" count="2" type="stmt"/>
        <line num="4" count="2" type="stmt"/>
        <line num="19" count="2" type="stmt"/>
      </file>
      <file name="index.ts" path="C:\Users\Tech_Pefti\Downloads\adegboyega_oluwapelumi_ui_garden-master (2)\adegboyega_oluwapelumi_ui_garden-master\src\components\Card\index.ts">
        <metrics statements="2" coveredstatements="2" conditionals="0" coveredconditionals="0" methods="1" coveredmethods="0"/>
        <line num="1" count="1" type="stmt"/>
        <line num="2" count="1" type="stmt"/>
      </file>
    </package>
    <package name="src.components.Dropdown">
      <metrics statements="6" coveredstatements="6" conditionals="0" coveredconditionals="0" methods="3" coveredmethods="2"/>
      <file name="Dropdown.tsx" path="C:\Users\Tech_Pefti\Downloads\adegboyega_oluwapelumi_ui_garden-master (2)\adegboyega_oluwapelumi_ui_garden-master\src\components\Dropdown\Dropdown.tsx">
        <metrics statements="4" coveredstatements="4" conditionals="0" coveredconditionals="0" methods="2" coveredmethods="2"/>
        <line num="1" count="2" type="stmt"/>
        <line num="4" count="2" type="stmt"/>
        <line num="6" count="4" type="stmt"/>
        <line num="14" count="2" type="stmt"/>
      </file>
      <file name="index.ts" path="C:\Users\Tech_Pefti\Downloads\adegboyega_oluwapelumi_ui_garden-master (2)\adegboyega_oluwapelumi_ui_garden-master\src\components\Dropdown\index.ts">
        <metrics statements="2" coveredstatements="2" conditionals="0" coveredconditionals="0" methods="1" coveredmethods="0"/>
        <line num="1" count="1" type="stmt"/>
        <line num="2" count="1" type="stmt"/>
      </file>
    </package>
    <package name="src.components.HeroImage">
      <metrics statements="12" coveredstatements="12" conditionals="6" coveredconditionals="6" methods="2" coveredmethods="1"/>
      <file name="HeroImage.tsx" path="C:\Users\Tech_Pefti\Downloads\adegboyega_oluwapelumi_ui_garden-master (2)\adegboyega_oluwapelumi_ui_garden-master\src\components\HeroImage\HeroImage.tsx">
        <metrics statements="10" coveredstatements="10" conditionals="6" coveredconditionals="6" methods="1" coveredmethods="1"/>
        <line num="1" count="2" type="stmt"/>
        <line num="4" count="2" type="stmt"/>
        <line num="5" count="2" type="stmt"/>
        <line num="6" count="2" type="cond" truecount="2" falsecount="0"/>
        <line num="7" count="2" type="cond" truecount="2" falsecount="0"/>
        <line num="8" count="2" type="cond" truecount="2" falsecount="0"/>
        <line num="9" count="2" type="stmt"/>
        <line num="10" count="2" type="stmt"/>
        <line num="11" count="2" type="stmt"/>
        <line num="29" count="2" type="stmt"/>
      </file>
      <file name="index.ts" path="C:\Users\Tech_Pefti\Downloads\adegboyega_oluwapelumi_ui_garden-master (2)\adegboyega_oluwapelumi_ui_garden-master\src\components\HeroImage\index.ts">
        <metrics statements="2" coveredstatements="2" conditionals="0" coveredconditionals="0" methods="1" coveredmethods="0"/>
        <line num="1" count="1" type="stmt"/>
        <line num="2" count="1" type="stmt"/>
      </file>
    </package>
    <package name="src.components.Img">
      <metrics statements="5" coveredstatements="5" conditionals="2" coveredconditionals="2" methods="2" coveredmethods="1"/>
      <file name="Img.tsx" path="C:\Users\Tech_Pefti\Downloads\adegboyega_oluwapelumi_ui_garden-master (2)\adegboyega_oluwapelumi_ui_garden-master\src\components\Img\Img.tsx">
        <metrics statements="3" coveredstatements="3" conditionals="2" coveredconditionals="2" methods="1" coveredmethods="1"/>
        <line num="1" count="2" type="stmt"/>
        <line num="4" count="2" type="cond" truecount="2" falsecount="0"/>
        <line num="8" count="2" type="stmt"/>
      </file>
      <file name="index.ts" path="C:\Users\Tech_Pefti\Downloads\adegboyega_oluwapelumi_ui_garden-master (2)\adegboyega_oluwapelumi_ui_garden-master\src\components\Img\index.ts">
        <metrics statements="2" coveredstatements="2" conditionals="0" coveredconditionals="0" methods="1" coveredmethods="0"/>
        <line num="1" count="1" type="stmt"/>
        <line num="2" count="1" type="stmt"/>
      </file>
    </package>
    <package name="src.components.Label">
      <metrics statements="5" coveredstatements="5" conditionals="2" coveredconditionals="2" methods="2" coveredmethods="1"/>
      <file name="Label.tsx" path="C:\Users\Tech_Pefti\Downloads\adegboyega_oluwapelumi_ui_garden-master (2)\adegboyega_oluwapelumi_ui_garden-master\src\components\Label\Label.tsx">
        <metrics statements="3" coveredstatements="3" conditionals="2" coveredconditionals="2" methods="1" coveredmethods="1"/>
        <line num="1" count="2" type="stmt"/>
        <line num="4" count="2" type="stmt"/>
        <line num="14" count="2" type="stmt"/>
      </file>
      <file name="index.ts" path="C:\Users\Tech_Pefti\Downloads\adegboyega_oluwapelumi_ui_garden-master (2)\adegboyega_oluwapelumi_ui_garden-master\src\components\Label\index.ts">
        <metrics statements="2" coveredstatements="2" conditionals="0" coveredconditionals="0" methods="1" coveredmethods="0"/>
        <line num="1" count="1" type="stmt"/>
        <line num="2" count="1" type="stmt"/>
      </file>
    </package>
    <package name="src.components.RadioButton">
      <metrics statements="5" coveredstatements="5" conditionals="2" coveredconditionals="2" methods="2" coveredmethods="1"/>
      <file name="RadioButton.tsx" path="C:\Users\Tech_Pefti\Downloads\adegboyega_oluwapelumi_ui_garden-master (2)\adegboyega_oluwapelumi_ui_garden-master\src\components\RadioButton\RadioButton.tsx">
        <metrics statements="3" coveredstatements="3" conditionals="2" coveredconditionals="2" methods="1" coveredmethods="1"/>
        <line num="1" count="2" type="stmt"/>
        <line num="4" count="2" type="stmt"/>
        <line num="11" count="2" type="stmt"/>
      </file>
      <file name="index.ts" path="C:\Users\Tech_Pefti\Downloads\adegboyega_oluwapelumi_ui_garden-master (2)\adegboyega_oluwapelumi_ui_garden-master\src\components\RadioButton\index.ts">
        <metrics statements="2" coveredstatements="2" conditionals="0" coveredconditionals="0" methods="1" coveredmethods="0"/>
        <line num="1" count="1" type="stmt"/>
        <line num="2" count="1" type="stmt"/>
      </file>
    </package>
    <package name="src.components.Table">
      <metrics statements="21" coveredstatements="21" conditionals="0" coveredconditionals="0" methods="10" coveredmethods="5"/>
      <file name="Table.tsx" path="C:\Users\Tech_Pefti\Downloads\adegboyega_oluwapelumi_ui_garden-master (2)\adegboyega_oluwapelumi_ui_garden-master\src\components\Table\Table.tsx">
        <metrics statements="3" coveredstatements="3" conditionals="0" coveredconditionals="0" methods="1" coveredmethods="1"/>
        <line num="1" count="2" type="stmt"/>
        <line num="4" count="2" type="stmt"/>
        <line num="10" count="2" type="stmt"/>
      </file>
      <file name="TableCell.tsx" path="C:\Users\Tech_Pefti\Downloads\adegboyega_oluwapelumi_ui_garden-master (2)\adegboyega_oluwapelumi_ui_garden-master\src\components\Table\TableCell.tsx">
        <metrics statements="3" coveredstatements="3" conditionals="0" coveredconditionals="0" methods="1" coveredmethods="1"/>
        <line num="1" count="2" type="stmt"/>
        <line num="4" count="3" type="stmt"/>
        <line num="10" count="2" type="stmt"/>
      </file>
      <file name="TableFooter.tsx" path="C:\Users\Tech_Pefti\Downloads\adegboyega_oluwapelumi_ui_garden-master (2)\adegboyega_oluwapelumi_ui_garden-master\src\components\Table\TableFooter.tsx">
        <metrics statements="3" coveredstatements="3" conditionals="0" coveredconditionals="0" methods="1" coveredmethods="1"/>
        <line num="1" count="2" type="stmt"/>
        <line num="4" count="2" type="stmt"/>
        <line num="10" count="2" type="stmt"/>
      </file>
      <file name="TableHeader.tsx" path="C:\Users\Tech_Pefti\Downloads\adegboyega_oluwapelumi_ui_garden-master (2)\adegboyega_oluwapelumi_ui_garden-master\src\components\Table\TableHeader.tsx">
        <metrics statements="3" coveredstatements="3" conditionals="0" coveredconditionals="0" methods="1" coveredmethods="1"/>
        <line num="1" count="2" type="stmt"/>
        <line num="4" count="2" type="stmt"/>
        <line num="10" count="2" type="stmt"/>
      </file>
      <file name="TableRow.tsx" path="C:\Users\Tech_Pefti\Downloads\adegboyega_oluwapelumi_ui_garden-master (2)\adegboyega_oluwapelumi_ui_garden-master\src\components\Table\TableRow.tsx">
        <metrics statements="3" coveredstatements="3" conditionals="0" coveredconditionals="0" methods="1" coveredmethods="1"/>
        <line num="1" count="2" type="stmt"/>
        <line num="4" count="3" type="stmt"/>
        <line num="10" count="2" type="stmt"/>
      </file>
      <file name="index.ts" path="C:\Users\Tech_Pefti\Downloads\adegboyega_oluwapelumi_ui_garden-master (2)\adegboyega_oluwapelumi_ui_garden-master\src\components\Table\index.ts">
        <metrics statements="6" coveredstatements="6" conditionals="0" coveredconditionals="0" methods="5" coveredmethods="0"/>
        <line num="1" count="1" type="stmt"/>
        <line num="2" count="1" type="stmt"/>
        <line num="3" count="1" type="stmt"/>
        <line num="4" count="1" type="stmt"/>
        <line num="5" count="1" type="stmt"/>
        <line num="6" count="1" type="stmt"/>
      </file>
    </package>
    <package name="src.components.Text">
      <metrics statements="3" coveredstatements="3" conditionals="0" coveredconditionals="0" methods="1" coveredmethods="1"/>
      <file name="Text.tsx" path="C:\Users\Tech_Pefti\Downloads\adegboyega_oluwapelumi_ui_garden-master (2)\adegboyega_oluwapelumi_ui_garden-master\src\components\Text\Text.tsx">
        <metrics statements="3" coveredstatements="3" conditionals="0" coveredconditionals="0" methods="1" coveredmethods="1"/>
        <line num="1" count="1" type="stmt"/>
        <line num="4" count="2" type="stmt"/>
        <line num="10" count="1" type="stmt"/>
      </file>
    </package>
  </project>
</coverage>
