{
  "C:\\Users\\Tech_Pefti\\Downloads\\adegboyega_oluwapelumi_ui_garden-master (2)\\adegboyega_oluwapelumi_ui_garden-master\\src\\index.ts": {
    "path": "C:\\Users\\Tech_Pefti\\Downloads\\adegboyega_oluwapelumi_ui_garden-master (2)\\adegboyega_oluwapelumi_ui_garden-master\\src\\index.ts",
    "statementMap": {
      "0": {
        "start": { "line": 1, "column": 0 },
        "end": { "line": 1, "column": 29 }
      },
      "1": {
        "start": { "line": 4, "column": 2 },
        "end": { "line": 4, "column": 15 }
      },
      "2": {
        "start": { "line": 3, "column": 0 },
        "end": { "line": 3, "column": 16 }
      }
    },
    "fnMap": {
      "0": {
        "name": "sum",
        "decl": {
          "start": { "line": 3, "column": 16 },
          "end": { "line": 3, "column": 19 }
        },
        "loc": {
          "start": { "line": 3, "column": 40 },
          "end": { "line": 5, "column": 1 }
        }
      }
    },
    "branchMap": {},
    "s": { "0": 1, "1": 1, "2": 1 },
    "f": { "0": 1 },
    "b": {}
  },
  "C:\\Users\\Tech_Pefti\\Downloads\\adegboyega_oluwapelumi_ui_garden-master (2)\\adegboyega_oluwapelumi_ui_garden-master\\src\\components\\index.ts": {
    "path": "C:\\Users\\Tech_Pefti\\Downloads\\adegboyega_oluwapelumi_ui_garden-master (2)\\adegboyega_oluwapelumi_ui_garden-master\\src\\components\\index.ts",
    "statementMap": {
      "0": {
        "start": { "line": 1, "column": 0 },
        "end": { "line": 1, "column": 9 }
      },
      "1": {
        "start": { "line": 1, "column": 9 },
        "end": { "line": 1, "column": 26 }
      },
      "2": {
        "start": { "line": 2, "column": 0 },
        "end": { "line": 2, "column": 25 }
      },
      "3": {
        "start": { "line": 4, "column": 0 },
        "end": { "line": 4, "column": 9 }
      },
      "4": {
        "start": { "line": 4, "column": 9 },
        "end": { "line": 4, "column": 25 }
      },
      "5": {
        "start": { "line": 5, "column": 0 },
        "end": { "line": 5, "column": 24 }
      },
      "6": {
        "start": { "line": 7, "column": 0 },
        "end": { "line": 7, "column": 9 }
      },
      "7": {
        "start": { "line": 7, "column": 9 },
        "end": { "line": 7, "column": 25 }
      },
      "8": {
        "start": { "line": 8, "column": 0 },
        "end": { "line": 8, "column": 9 }
      },
      "9": {
        "start": { "line": 8, "column": 9 },
        "end": { "line": 8, "column": 22 }
      },
      "10": {
        "start": { "line": 8, "column": 22 },
        "end": { "line": 8, "column": 32 }
      },
      "11": {
        "start": { "line": 8, "column": 32 },
        "end": { "line": 8, "column": 43 }
      },
      "12": {
        "start": { "line": 8, "column": 43 },
        "end": { "line": 8, "column": 72 }
      },
      "13": {
        "start": { "line": 9, "column": 0 },
        "end": { "line": 9, "column": 24 }
      },
      "14": {
        "start": { "line": 11, "column": 0 },
        "end": { "line": 11, "column": 9 }
      },
      "15": {
        "start": { "line": 11, "column": 9 },
        "end": { "line": 11, "column": 28 }
      },
      "16": {
        "start": { "line": 12, "column": 0 },
        "end": { "line": 12, "column": 27 }
      },
      "17": {
        "start": { "line": 14, "column": 0 },
        "end": { "line": 14, "column": 9 }
      },
      "18": {
        "start": { "line": 14, "column": 9 },
        "end": { "line": 14, "column": 31 }
      },
      "19": {
        "start": { "line": 15, "column": 0 },
        "end": { "line": 15, "column": 30 }
      },
      "20": {
        "start": { "line": 17, "column": 0 },
        "end": { "line": 17, "column": 9 }
      },
      "21": {
        "start": { "line": 17, "column": 9 },
        "end": { "line": 17, "column": 23 }
      },
      "22": {
        "start": { "line": 18, "column": 0 },
        "end": { "line": 18, "column": 22 }
      },
      "23": {
        "start": { "line": 20, "column": 0 },
        "end": { "line": 20, "column": 9 }
      },
      "24": {
        "start": { "line": 20, "column": 9 },
        "end": { "line": 20, "column": 29 }
      },
      "25": {
        "start": { "line": 21, "column": 0 },
        "end": { "line": 21, "column": 28 }
      },
      "26": {
        "start": { "line": 23, "column": 0 },
        "end": { "line": 23, "column": 9 }
      },
      "27": {
        "start": { "line": 23, "column": 9 },
        "end": { "line": 23, "column": 24 }
      },
      "28": {
        "start": { "line": 24, "column": 0 },
        "end": { "line": 24, "column": 23 }
      }
    },
    "fnMap": {
      "0": {
        "name": "(anonymous_5)",
        "decl": {
          "start": { "line": 1, "column": 9 },
          "end": { "line": 1, "column": 16 }
        },
        "loc": {
          "start": { "line": 1, "column": 9 },
          "end": { "line": 1, "column": 26 }
        }
      },
      "1": {
        "name": "(anonymous_6)",
        "decl": {
          "start": { "line": 4, "column": 9 },
          "end": { "line": 4, "column": 16 }
        },
        "loc": {
          "start": { "line": 4, "column": 9 },
          "end": { "line": 4, "column": 25 }
        }
      },
      "2": {
        "name": "(anonymous_7)",
        "decl": {
          "start": { "line": 7, "column": 9 },
          "end": { "line": 7, "column": 16 }
        },
        "loc": {
          "start": { "line": 7, "column": 9 },
          "end": { "line": 7, "column": 25 }
        }
      },
      "3": {
        "name": "(anonymous_8)",
        "decl": {
          "start": { "line": 8, "column": 9 },
          "end": { "line": 8, "column": 20 }
        },
        "loc": {
          "start": { "line": 8, "column": 9 },
          "end": { "line": 8, "column": 22 }
        }
      },
      "4": {
        "name": "(anonymous_9)",
        "decl": {
          "start": { "line": 8, "column": 22 },
          "end": { "line": 8, "column": 30 }
        },
        "loc": {
          "start": { "line": 8, "column": 22 },
          "end": { "line": 8, "column": 32 }
        }
      },
      "5": {
        "name": "(anonymous_10)",
        "decl": {
          "start": { "line": 8, "column": 32 },
          "end": { "line": 8, "column": 41 }
        },
        "loc": {
          "start": { "line": 8, "column": 32 },
          "end": { "line": 8, "column": 43 }
        }
      },
      "6": {
        "name": "(anonymous_11)",
        "decl": {
          "start": { "line": 8, "column": 43 },
          "end": { "line": 8, "column": 54 }
        },
        "loc": {
          "start": { "line": 8, "column": 43 },
          "end": { "line": 8, "column": 72 }
        }
      },
      "7": {
        "name": "(anonymous_12)",
        "decl": {
          "start": { "line": 11, "column": 9 },
          "end": { "line": 11, "column": 16 }
        },
        "loc": {
          "start": { "line": 11, "column": 9 },
          "end": { "line": 11, "column": 28 }
        }
      },
      "8": {
        "name": "(anonymous_13)",
        "decl": {
          "start": { "line": 14, "column": 9 },
          "end": { "line": 14, "column": 16 }
        },
        "loc": {
          "start": { "line": 14, "column": 9 },
          "end": { "line": 14, "column": 31 }
        }
      },
      "9": {
        "name": "(anonymous_14)",
        "decl": {
          "start": { "line": 17, "column": 9 },
          "end": { "line": 17, "column": 16 }
        },
        "loc": {
          "start": { "line": 17, "column": 9 },
          "end": { "line": 17, "column": 23 }
        }
      },
      "10": {
        "name": "(anonymous_15)",
        "decl": {
          "start": { "line": 20, "column": 9 },
          "end": { "line": 20, "column": 16 }
        },
        "loc": {
          "start": { "line": 20, "column": 9 },
          "end": { "line": 20, "column": 29 }
        }
      },
      "11": {
        "name": "(anonymous_16)",
        "decl": {
          "start": { "line": 23, "column": 9 },
          "end": { "line": 23, "column": 16 }
        },
        "loc": {
          "start": { "line": 23, "column": 9 },
          "end": { "line": 23, "column": 24 }
        }
      }
    },
    "branchMap": {},
    "s": {
      "0": 1,
      "1": 1,
      "2": 1,
      "3": 1,
      "4": 1,
      "5": 1,
      "6": 1,
      "7": 1,
      "8": 1,
      "9": 1,
      "10": 1,
      "11": 1,
      "12": 1,
      "13": 1,
      "14": 1,
      "15": 1,
      "16": 1,
      "17": 1,
      "18": 1,
      "19": 1,
      "20": 1,
      "21": 1,
      "22": 1,
      "23": 1,
      "24": 1,
      "25": 1,
      "26": 1,
      "27": 1,
      "28": 1
    },
    "f": {
      "0": 0,
      "1": 0,
      "2": 0,
      "3": 0,
      "4": 0,
      "5": 0,
      "6": 0,
      "7": 0,
      "8": 0,
      "9": 0,
      "10": 0,
      "11": 0
    },
    "b": {}
  },
  "C:\\Users\\Tech_Pefti\\Downloads\\adegboyega_oluwapelumi_ui_garden-master (2)\\adegboyega_oluwapelumi_ui_garden-master\\src\\components\\Button\\Button.tsx": {
    "path": "C:\\Users\\Tech_Pefti\\Downloads\\adegboyega_oluwapelumi_ui_garden-master (2)\\adegboyega_oluwapelumi_ui_garden-master\\src\\components\\Button\\Button.tsx",
    "statementMap": {
      "0": {
        "start": { "line": 1, "column": 0 },
        "end": { "line": 1, "column": 26 }
      },
      "1": {
        "start": { "line": 4, "column": 38 },
        "end": { "line": 15, "column": 1 }
      },
      "2": {
        "start": { "line": 4, "column": 45 },
        "end": { "line": 4, "column": 47 }
      },
      "3": {
        "start": { "line": 4, "column": 55 },
        "end": { "line": 4, "column": 60 }
      },
      "4": {
        "start": { "line": 4, "column": 64 },
        "end": { "line": 4, "column": null }
      },
      "5": {
        "start": { "line": 5, "column": 2 },
        "end": { "line": 14, "column": 4 }
      },
      "6": {
        "start": { "line": 17, "column": 0 },
        "end": { "line": 17, "column": 22 }
      }
    },
    "fnMap": {
      "0": {
        "name": "(anonymous_4)",
        "decl": {
          "start": { "line": 4, "column": 38 },
          "end": { "line": 4, "column": 39 }
        },
        "loc": {
          "start": { "line": 4, "column": 66 },
          "end": { "line": 15, "column": 1 }
        }
      }
    },
    "branchMap": {
      "0": {
        "loc": {
          "start": { "line": 9, "column": 22 },
          "end": { "line": 9, "column": 48 }
        },
        "type": "cond-expr",
        "locations": [
          {
            "start": { "line": 9, "column": 33 },
            "end": { "line": 9, "column": 39 }
          },
          {
            "start": { "line": 9, "column": 42 },
            "end": { "line": 9, "column": 48 }
          }
        ]
      }
    },
    "s": { "0": 2, "1": 2, "2": 2, "3": 2, "4": 2, "5": 2, "6": 2 },
    "f": { "0": 2 },
    "b": { "0": [1, 1] }
  },
  "C:\\Users\\Tech_Pefti\\Downloads\\adegboyega_oluwapelumi_ui_garden-master (2)\\adegboyega_oluwapelumi_ui_garden-master\\src\\components\\Button\\index.ts": {
    "path": "C:\\Users\\Tech_Pefti\\Downloads\\adegboyega_oluwapelumi_ui_garden-master (2)\\adegboyega_oluwapelumi_ui_garden-master\\src\\components\\Button\\index.ts",
    "statementMap": {
      "0": {
        "start": { "line": 1, "column": 0 },
        "end": { "line": 1, "column": 9 }
      },
      "1": {
        "start": { "line": 1, "column": 9 },
        "end": { "line": 1, "column": 35 }
      },
      "2": {
        "start": { "line": 2, "column": 0 },
        "end": { "line": 2, "column": 31 }
      }
    },
    "fnMap": {
      "0": {
        "name": "(anonymous_5)",
        "decl": {
          "start": { "line": 1, "column": 9 },
          "end": { "line": 1, "column": 16 }
        },
        "loc": {
          "start": { "line": 1, "column": 9 },
          "end": { "line": 1, "column": 35 }
        }
      }
    },
    "branchMap": {},
    "s": { "0": 1, "1": 1, "2": 1 },
    "f": { "0": 0 },
    "b": {}
  },
  "C:\\Users\\Tech_Pefti\\Downloads\\adegboyega_oluwapelumi_ui_garden-master (2)\\adegboyega_oluwapelumi_ui_garden-master\\src\\components\\Card\\Card.tsx": {
    "path": "C:\\Users\\Tech_Pefti\\Downloads\\adegboyega_oluwapelumi_ui_garden-master (2)\\adegboyega_oluwapelumi_ui_garden-master\\src\\components\\Card\\Card.tsx",
    "statementMap": {
      "0": {
        "start": { "line": 1, "column": 0 },
        "end": { "line": 1, "column": 26 }
      },
      "1": {
        "start": { "line": 4, "column": 34 },
        "end": { "line": 17, "column": 2 }
      },
      "2": {
        "start": { "line": 4, "column": 45 },
        "end": { "line": 4, "column": 50 }
      },
      "3": {
        "start": { "line": 4, "column": 54 },
        "end": { "line": 4, "column": 61 }
      },
      "4": {
        "start": { "line": 4, "column": 61 },
        "end": { "line": 17, "column": 2 }
      },
      "5": {
        "start": { "line": 19, "column": 0 },
        "end": { "line": 19, "column": 20 }
      }
    },
    "fnMap": {
      "0": {
        "name": "(anonymous_4)",
        "decl": {
          "start": { "line": 4, "column": 34 },
          "end": { "line": 4, "column": 35 }
        },
        "loc": {
          "start": { "line": 4, "column": 56 },
          "end": { "line": 17, "column": 2 }
        }
      }
    },
    "branchMap": {},
    "s": { "0": 2, "1": 2, "2": 2, "3": 2, "4": 2, "5": 2 },
    "f": { "0": 2 },
    "b": {}
  },
  "C:\\Users\\Tech_Pefti\\Downloads\\adegboyega_oluwapelumi_ui_garden-master (2)\\adegboyega_oluwapelumi_ui_garden-master\\src\\components\\Card\\index.ts": {
    "path": "C:\\Users\\Tech_Pefti\\Downloads\\adegboyega_oluwapelumi_ui_garden-master (2)\\adegboyega_oluwapelumi_ui_garden-master\\src\\components\\Card\\index.ts",
    "statementMap": {
      "0": {
        "start": { "line": 1, "column": 0 },
        "end": { "line": 1, "column": 9 }
      },
      "1": {
        "start": { "line": 1, "column": 9 },
        "end": { "line": 1, "column": 33 }
      },
      "2": {
        "start": { "line": 2, "column": 0 },
        "end": { "line": 2, "column": 29 }
      }
    },
    "fnMap": {
      "0": {
        "name": "(anonymous_5)",
        "decl": {
          "start": { "line": 1, "column": 9 },
          "end": { "line": 1, "column": 16 }
        },
        "loc": {
          "start": { "line": 1, "column": 9 },
          "end": { "line": 1, "column": 33 }
        }
      }
    },
    "branchMap": {},
    "s": { "0": 1, "1": 1, "2": 1 },
    "f": { "0": 0 },
    "b": {}
  },
  "C:\\Users\\Tech_Pefti\\Downloads\\adegboyega_oluwapelumi_ui_garden-master (2)\\adegboyega_oluwapelumi_ui_garden-master\\src\\components\\Dropdown\\Dropdown.tsx": {
    "path": "C:\\Users\\Tech_Pefti\\Downloads\\adegboyega_oluwapelumi_ui_garden-master (2)\\adegboyega_oluwapelumi_ui_garden-master\\src\\components\\Dropdown\\Dropdown.tsx",
    "statementMap": {
      "0": {
        "start": { "line": 1, "column": 0 },
        "end": { "line": 1, "column": 26 }
      },
      "1": {
        "start": { "line": 4, "column": 42 },
        "end": { "line": 12, "column": 2 }
      },
      "2": {
        "start": { "line": 4, "column": 52 },
        "end": { "line": 4, "column": 57 }
      },
      "3": {
        "start": { "line": 4, "column": 61 },
        "end": { "line": 4, "column": 68 }
      },
      "4": {
        "start": { "line": 4, "column": 68 },
        "end": { "line": 12, "column": 2 }
      },
      "5": {
        "start": { "line": 6, "column": 29 },
        "end": { "line": 10, "column": 6 }
      },
      "6": {
        "start": { "line": 14, "column": 0 },
        "end": { "line": 14, "column": 24 }
      }
    },
    "fnMap": {
      "0": {
        "name": "(anonymous_4)",
        "decl": {
          "start": { "line": 4, "column": 42 },
          "end": { "line": 4, "column": 43 }
        },
        "loc": {
          "start": { "line": 4, "column": 63 },
          "end": { "line": 12, "column": 2 }
        }
      },
      "1": {
        "name": "(anonymous_5)",
        "decl": {
          "start": { "line": 6, "column": 17 },
          "end": { "line": 6, "column": 18 }
        },
        "loc": {
          "start": { "line": 6, "column": 24 },
          "end": { "line": 6, "column": null }
        }
      }
    },
    "branchMap": {},
    "s": { "0": 2, "1": 2, "2": 2, "3": 2, "4": 2, "5": 4, "6": 2 },
    "f": { "0": 2, "1": 4 },
    "b": {}
  },
  "C:\\Users\\Tech_Pefti\\Downloads\\adegboyega_oluwapelumi_ui_garden-master (2)\\adegboyega_oluwapelumi_ui_garden-master\\src\\components\\Dropdown\\index.ts": {
    "path": "C:\\Users\\Tech_Pefti\\Downloads\\adegboyega_oluwapelumi_ui_garden-master (2)\\adegboyega_oluwapelumi_ui_garden-master\\src\\components\\Dropdown\\index.ts",
    "statementMap": {
      "0": {
        "start": { "line": 1, "column": 0 },
        "end": { "line": 1, "column": 9 }
      },
      "1": {
        "start": { "line": 1, "column": 9 },
        "end": { "line": 1, "column": 37 }
      },
      "2": {
        "start": { "line": 2, "column": 0 },
        "end": { "line": 2, "column": 33 }
      }
    },
    "fnMap": {
      "0": {
        "name": "(anonymous_5)",
        "decl": {
          "start": { "line": 1, "column": 9 },
          "end": { "line": 1, "column": 16 }
        },
        "loc": {
          "start": { "line": 1, "column": 9 },
          "end": { "line": 1, "column": 37 }
        }
      }
    },
    "branchMap": {},
    "s": { "0": 1, "1": 1, "2": 1 },
    "f": { "0": 0 },
    "b": {}
  },
  "C:\\Users\\Tech_Pefti\\Downloads\\adegboyega_oluwapelumi_ui_garden-master (2)\\adegboyega_oluwapelumi_ui_garden-master\\src\\components\\HeroImage\\HeroImage.tsx": {
    "path": "C:\\Users\\Tech_Pefti\\Downloads\\adegboyega_oluwapelumi_ui_garden-master (2)\\adegboyega_oluwapelumi_ui_garden-master\\src\\components\\HeroImage\\HeroImage.tsx",
    "statementMap": {
      "0": {
        "start": { "line": 1, "column": 0 },
        "end": { "line": 1, "column": 26 }
      },
      "1": {
        "start": { "line": 4, "column": 44 },
        "end": { "line": 27, "column": 2 }
      },
      "2": {
        "start": { "line": 5, "column": 5 },
        "end": { "line": 5, "column": null }
      },
      "3": {
        "start": { "line": 6, "column": 2 },
        "end": { "line": 6, "column": 5 }
      },
      "4": {
        "start": { "line": 6, "column": 5 },
        "end": { "line": 6, "column": null }
      },
      "5": {
        "start": { "line": 7, "column": 2 },
        "end": { "line": 7, "column": 8 }
      },
      "6": {
        "start": { "line": 7, "column": 8 },
        "end": { "line": 7, "column": null }
      },
      "7": {
        "start": { "line": 8, "column": 2 },
        "end": { "line": 8, "column": 7 }
      },
      "8": {
        "start": { "line": 8, "column": 7 },
        "end": { "line": 8, "column": null }
      },
      "9": {
        "start": { "line": 9, "column": 7 },
        "end": { "line": 9, "column": null }
      },
      "10": {
        "start": { "line": 10, "column": 9 },
        "end": { "line": 11, "column": 6 }
      },
      "11": {
        "start": { "line": 11, "column": 6 },
        "end": { "line": 27, "column": 2 }
      },
      "12": {
        "start": { "line": 29, "column": 0 },
        "end": { "line": 29, "column": 25 }
      }
    },
    "fnMap": {
      "0": {
        "name": "(anonymous_4)",
        "decl": {
          "start": { "line": 4, "column": 44 },
          "end": { "line": 4, "column": 45 }
        },
        "loc": {
          "start": { "line": 11, "column": 1 },
          "end": { "line": 27, "column": 2 }
        }
      }
    },
    "branchMap": {
      "0": {
        "loc": {
          "start": { "line": 6, "column": 5 },
          "end": { "line": 6, "column": null }
        },
        "type": "cond-expr",
        "locations": [
          {
            "start": { "line": 6, "column": 8 },
            "end": { "line": 6, "column": 20 }
          },
          {
            "start": { "line": 6, "column": 20 },
            "end": { "line": 6, "column": null }
          }
        ]
      },
      "1": {
        "loc": {
          "start": { "line": 7, "column": 8 },
          "end": { "line": 7, "column": null }
        },
        "type": "cond-expr",
        "locations": [
          {
            "start": { "line": 7, "column": 11 },
            "end": { "line": 7, "column": 17 }
          },
          {
            "start": { "line": 7, "column": 17 },
            "end": { "line": 7, "column": null }
          }
        ]
      },
      "2": {
        "loc": {
          "start": { "line": 8, "column": 7 },
          "end": { "line": 8, "column": null }
        },
        "type": "cond-expr",
        "locations": [
          {
            "start": { "line": 8, "column": 10 },
            "end": { "line": 8, "column": 16 }
          },
          {
            "start": { "line": 8, "column": 16 },
            "end": { "line": 8, "column": null }
          }
        ]
      }
    },
    "s": {
      "0": 2,
      "1": 2,
      "2": 2,
      "3": 2,
      "4": 2,
      "5": 2,
      "6": 2,
      "7": 2,
      "8": 2,
      "9": 2,
      "10": 2,
      "11": 2,
      "12": 2
    },
    "f": { "0": 2 },
    "b": { "0": [1, 1], "1": [1, 1], "2": [1, 1] }
  },
  "C:\\Users\\Tech_Pefti\\Downloads\\adegboyega_oluwapelumi_ui_garden-master (2)\\adegboyega_oluwapelumi_ui_garden-master\\src\\components\\HeroImage\\index.ts": {
    "path": "C:\\Users\\Tech_Pefti\\Downloads\\adegboyega_oluwapelumi_ui_garden-master (2)\\adegboyega_oluwapelumi_ui_garden-master\\src\\components\\HeroImage\\index.ts",
    "statementMap": {
      "0": {
        "start": { "line": 1, "column": 0 },
        "end": { "line": 1, "column": 9 }
      },
      "1": {
        "start": { "line": 1, "column": 9 },
        "end": { "line": 1, "column": 38 }
      },
      "2": {
        "start": { "line": 2, "column": 0 },
        "end": { "line": 2, "column": 34 }
      }
    },
    "fnMap": {
      "0": {
        "name": "(anonymous_5)",
        "decl": {
          "start": { "line": 1, "column": 9 },
          "end": { "line": 1, "column": 16 }
        },
        "loc": {
          "start": { "line": 1, "column": 9 },
          "end": { "line": 1, "column": 38 }
        }
      }
    },
    "branchMap": {},
    "s": { "0": 1, "1": 1, "2": 1 },
    "f": { "0": 0 },
    "b": {}
  },
  "C:\\Users\\Tech_Pefti\\Downloads\\adegboyega_oluwapelumi_ui_garden-master (2)\\adegboyega_oluwapelumi_ui_garden-master\\src\\components\\Img\\Img.tsx": {
    "path": "C:\\Users\\Tech_Pefti\\Downloads\\adegboyega_oluwapelumi_ui_garden-master (2)\\adegboyega_oluwapelumi_ui_garden-master\\src\\components\\Img\\Img.tsx",
    "statementMap": {
      "0": {
        "start": { "line": 1, "column": 0 },
        "end": { "line": 1, "column": 26 }
      },
      "1": {
        "start": { "line": 4, "column": 32 },
        "end": { "line": 6, "column": 2 }
      },
      "2": {
        "start": { "line": 4, "column": 38 },
        "end": { "line": 4, "column": 40 }
      },
      "3": {
        "start": { "line": 4, "column": 40 },
        "end": { "line": 4, "column": 43 }
      },
      "4": {
        "start": { "line": 4, "column": 43 },
        "end": { "line": 4, "column": 58 }
      },
      "5": {
        "start": { "line": 4, "column": 62 },
        "end": { "line": 4, "column": 69 }
      },
      "6": {
        "start": { "line": 4, "column": 69 },
        "end": { "line": 6, "column": 2 }
      },
      "7": {
        "start": { "line": 8, "column": 0 },
        "end": { "line": 8, "column": 19 }
      }
    },
    "fnMap": {
      "0": {
        "name": "(anonymous_4)",
        "decl": {
          "start": { "line": 4, "column": 32 },
          "end": { "line": 4, "column": 33 }
        },
        "loc": {
          "start": { "line": 4, "column": 64 },
          "end": { "line": 6, "column": 2 }
        }
      }
    },
    "branchMap": {
      "0": {
        "loc": {
          "start": { "line": 4, "column": 43 },
          "end": { "line": 4, "column": 58 }
        },
        "type": "cond-expr",
        "locations": [
          {
            "start": { "line": 4, "column": 46 },
            "end": { "line": 4, "column": 53 }
          },
          {
            "start": { "line": 4, "column": 53 },
            "end": { "line": 4, "column": 58 }
          }
        ]
      }
    },
    "s": { "0": 2, "1": 2, "2": 2, "3": 2, "4": 2, "5": 2, "6": 2, "7": 2 },
    "f": { "0": 2 },
    "b": { "0": [1, 1] }
  },
  "C:\\Users\\Tech_Pefti\\Downloads\\adegboyega_oluwapelumi_ui_garden-master (2)\\adegboyega_oluwapelumi_ui_garden-master\\src\\components\\Img\\index.ts": {
    "path": "C:\\Users\\Tech_Pefti\\Downloads\\adegboyega_oluwapelumi_ui_garden-master (2)\\adegboyega_oluwapelumi_ui_garden-master\\src\\components\\Img\\index.ts",
    "statementMap": {
      "0": {
        "start": { "line": 1, "column": 0 },
        "end": { "line": 1, "column": 9 }
      },
      "1": {
        "start": { "line": 1, "column": 9 },
        "end": { "line": 1, "column": 32 }
      },
      "2": {
        "start": { "line": 2, "column": 0 },
        "end": { "line": 2, "column": 28 }
      }
    },
    "fnMap": {
      "0": {
        "name": "(anonymous_5)",
        "decl": {
          "start": { "line": 1, "column": 9 },
          "end": { "line": 1, "column": 16 }
        },
        "loc": {
          "start": { "line": 1, "column": 9 },
          "end": { "line": 1, "column": 32 }
        }
      }
    },
    "branchMap": {},
    "s": { "0": 1, "1": 1, "2": 1 },
    "f": { "0": 0 },
    "b": {}
  },
  "C:\\Users\\Tech_Pefti\\Downloads\\adegboyega_oluwapelumi_ui_garden-master (2)\\adegboyega_oluwapelumi_ui_garden-master\\src\\components\\Label\\Label.tsx": {
    "path": "C:\\Users\\Tech_Pefti\\Downloads\\adegboyega_oluwapelumi_ui_garden-master (2)\\adegboyega_oluwapelumi_ui_garden-master\\src\\components\\Label\\Label.tsx",
    "statementMap": {
      "0": {
        "start": { "line": 1, "column": 0 },
        "end": { "line": 1, "column": 26 }
      },
      "1": {
        "start": { "line": 4, "column": 36 },
        "end": { "line": 12, "column": 2 }
      },
      "2": {
        "start": { "line": 4, "column": 43 },
        "end": { "line": 4, "column": 45 }
      },
      "3": {
        "start": { "line": 4, "column": 53 },
        "end": { "line": 4, "column": 58 }
      },
      "4": {
        "start": { "line": 4, "column": 62 },
        "end": { "line": 4, "column": 69 }
      },
      "5": {
        "start": { "line": 4, "column": 69 },
        "end": { "line": 12, "column": 2 }
      },
      "6": {
        "start": { "line": 14, "column": 0 },
        "end": { "line": 14, "column": 21 }
      }
    },
    "fnMap": {
      "0": {
        "name": "(anonymous_4)",
        "decl": {
          "start": { "line": 4, "column": 36 },
          "end": { "line": 4, "column": 37 }
        },
        "loc": {
          "start": { "line": 4, "column": 64 },
          "end": { "line": 12, "column": 2 }
        }
      }
    },
    "branchMap": {
      "0": {
        "loc": {
          "start": { "line": 7, "column": 20 },
          "end": { "line": 7, "column": 46 }
        },
        "type": "cond-expr",
        "locations": [
          {
            "start": { "line": 7, "column": 31 },
            "end": { "line": 7, "column": 37 }
          },
          {
            "start": { "line": 7, "column": 40 },
            "end": { "line": 7, "column": 46 }
          }
        ]
      }
    },
    "s": { "0": 2, "1": 2, "2": 2, "3": 2, "4": 2, "5": 2, "6": 2 },
    "f": { "0": 2 },
    "b": { "0": [1, 1] }
  },
  "C:\\Users\\Tech_Pefti\\Downloads\\adegboyega_oluwapelumi_ui_garden-master (2)\\adegboyega_oluwapelumi_ui_garden-master\\src\\components\\Label\\index.ts": {
    "path": "C:\\Users\\Tech_Pefti\\Downloads\\adegboyega_oluwapelumi_ui_garden-master (2)\\adegboyega_oluwapelumi_ui_garden-master\\src\\components\\Label\\index.ts",
    "statementMap": {
      "0": {
        "start": { "line": 1, "column": 0 },
        "end": { "line": 1, "column": 9 }
      },
      "1": {
        "start": { "line": 1, "column": 9 },
        "end": { "line": 1, "column": 34 }
      },
      "2": {
        "start": { "line": 2, "column": 0 },
        "end": { "line": 2, "column": 30 }
      }
    },
    "fnMap": {
      "0": {
        "name": "(anonymous_5)",
        "decl": {
          "start": { "line": 1, "column": 9 },
          "end": { "line": 1, "column": 16 }
        },
        "loc": {
          "start": { "line": 1, "column": 9 },
          "end": { "line": 1, "column": 34 }
        }
      }
    },
    "branchMap": {},
    "s": { "0": 1, "1": 1, "2": 1 },
    "f": { "0": 0 },
    "b": {}
  },
  "C:\\Users\\Tech_Pefti\\Downloads\\adegboyega_oluwapelumi_ui_garden-master (2)\\adegboyega_oluwapelumi_ui_garden-master\\src\\components\\RadioButton\\RadioButton.tsx": {
    "path": "C:\\Users\\Tech_Pefti\\Downloads\\adegboyega_oluwapelumi_ui_garden-master (2)\\adegboyega_oluwapelumi_ui_garden-master\\src\\components\\RadioButton\\RadioButton.tsx",
    "statementMap": {
      "0": {
        "start": { "line": 1, "column": 0 },
        "end": { "line": 1, "column": 26 }
      },
      "1": {
        "start": { "line": 4, "column": 48 },
        "end": { "line": 9, "column": 2 }
      },
      "2": {
        "start": { "line": 4, "column": 56 },
        "end": { "line": 4, "column": 61 }
      },
      "3": {
        "start": { "line": 4, "column": 65 },
        "end": { "line": 4, "column": 72 }
      },
      "4": {
        "start": { "line": 4, "column": 72 },
        "end": { "line": 9, "column": 2 }
      },
      "5": {
        "start": { "line": 11, "column": 0 },
        "end": { "line": 11, "column": 27 }
      }
    },
    "fnMap": {
      "0": {
        "name": "(anonymous_4)",
        "decl": {
          "start": { "line": 4, "column": 48 },
          "end": { "line": 4, "column": 49 }
        },
        "loc": {
          "start": { "line": 4, "column": 67 },
          "end": { "line": 9, "column": 2 }
        }
      }
    },
    "branchMap": {
      "0": {
        "loc": {
          "start": { "line": 7, "column": 5 },
          "end": { "line": 7, "column": 34 }
        },
        "type": "binary-expr",
        "locations": [
          {
            "start": { "line": 7, "column": 5 },
            "end": { "line": 7, "column": 10 }
          },
          {
            "start": { "line": 7, "column": 14 },
            "end": { "line": 7, "column": 34 }
          }
        ]
      }
    },
    "s": { "0": 2, "1": 2, "2": 2, "3": 2, "4": 2, "5": 2 },
    "f": { "0": 2 },
    "b": { "0": [2, 1] }
  },
  "C:\\Users\\Tech_Pefti\\Downloads\\adegboyega_oluwapelumi_ui_garden-master (2)\\adegboyega_oluwapelumi_ui_garden-master\\src\\components\\RadioButton\\index.ts": {
    "path": "C:\\Users\\Tech_Pefti\\Downloads\\adegboyega_oluwapelumi_ui_garden-master (2)\\adegboyega_oluwapelumi_ui_garden-master\\src\\components\\RadioButton\\index.ts",
    "statementMap": {
      "0": {
        "start": { "line": 1, "column": 0 },
        "end": { "line": 1, "column": 9 }
      },
      "1": {
        "start": { "line": 1, "column": 9 },
        "end": { "line": 1, "column": 40 }
      },
      "2": {
        "start": { "line": 2, "column": 0 },
        "end": { "line": 2, "column": 36 }
      }
    },
    "fnMap": {
      "0": {
        "name": "(anonymous_5)",
        "decl": {
          "start": { "line": 1, "column": 9 },
          "end": { "line": 1, "column": 16 }
        },
        "loc": {
          "start": { "line": 1, "column": 9 },
          "end": { "line": 1, "column": 40 }
        }
      }
    },
    "branchMap": {},
    "s": { "0": 1, "1": 1, "2": 1 },
    "f": { "0": 0 },
    "b": {}
  },
  "C:\\Users\\Tech_Pefti\\Downloads\\adegboyega_oluwapelumi_ui_garden-master (2)\\adegboyega_oluwapelumi_ui_garden-master\\src\\components\\Table\\Table.tsx": {
    "path": "C:\\Users\\Tech_Pefti\\Downloads\\adegboyega_oluwapelumi_ui_garden-master (2)\\adegboyega_oluwapelumi_ui_garden-master\\src\\components\\Table\\Table.tsx",
    "statementMap": {
      "0": {
        "start": { "line": 1, "column": 0 },
        "end": { "line": 1, "column": 26 }
      },
      "1": {
        "start": { "line": 4, "column": 36 },
        "end": { "line": 8, "column": 2 }
      },
      "2": {
        "start": { "line": 4, "column": 47 },
        "end": { "line": 4, "column": 52 }
      },
      "3": {
        "start": { "line": 4, "column": 56 },
        "end": { "line": 4, "column": 63 }
      },
      "4": {
        "start": { "line": 4, "column": 63 },
        "end": { "line": 8, "column": 2 }
      },
      "5": {
        "start": { "line": 10, "column": 0 },
        "end": { "line": 10, "column": 21 }
      }
    },
    "fnMap": {
      "0": {
        "name": "(anonymous_4)",
        "decl": {
          "start": { "line": 4, "column": 36 },
          "end": { "line": 4, "column": 37 }
        },
        "loc": {
          "start": { "line": 4, "column": 58 },
          "end": { "line": 8, "column": 2 }
        }
      }
    },
    "branchMap": {},
    "s": { "0": 2, "1": 2, "2": 1, "3": 1, "4": 1, "5": 2 },
    "f": { "0": 1 },
    "b": {}
  },
  "C:\\Users\\Tech_Pefti\\Downloads\\adegboyega_oluwapelumi_ui_garden-master (2)\\adegboyega_oluwapelumi_ui_garden-master\\src\\components\\Table\\TableCell.tsx": {
    "path": "C:\\Users\\Tech_Pefti\\Downloads\\adegboyega_oluwapelumi_ui_garden-master (2)\\adegboyega_oluwapelumi_ui_garden-master\\src\\components\\Table\\TableCell.tsx",
    "statementMap": {
      "0": {
        "start": { "line": 1, "column": 0 },
        "end": { "line": 1, "column": 26 }
      },
      "1": {
        "start": { "line": 4, "column": 44 },
        "end": { "line": 8, "column": 2 }
      },
      "2": {
        "start": { "line": 4, "column": 55 },
        "end": { "line": 4, "column": 60 }
      },
      "3": {
        "start": { "line": 4, "column": 64 },
        "end": { "line": 4, "column": 71 }
      },
      "4": {
        "start": { "line": 4, "column": 71 },
        "end": { "line": 8, "column": 2 }
      },
      "5": {
        "start": { "line": 10, "column": 0 },
        "end": { "line": 10, "column": 25 }
      }
    },
    "fnMap": {
      "0": {
        "name": "(anonymous_4)",
        "decl": {
          "start": { "line": 4, "column": 44 },
          "end": { "line": 4, "column": 45 }
        },
        "loc": {
          "start": { "line": 4, "column": 66 },
          "end": { "line": 8, "column": 2 }
        }
      }
    },
    "branchMap": {},
    "s": { "0": 2, "1": 2, "2": 3, "3": 3, "4": 3, "5": 2 },
    "f": { "0": 3 },
    "b": {}
  },
  "C:\\Users\\Tech_Pefti\\Downloads\\adegboyega_oluwapelumi_ui_garden-master (2)\\adegboyega_oluwapelumi_ui_garden-master\\src\\components\\Table\\TableFooter.tsx": {
    "path": "C:\\Users\\Tech_Pefti\\Downloads\\adegboyega_oluwapelumi_ui_garden-master (2)\\adegboyega_oluwapelumi_ui_garden-master\\src\\components\\Table\\TableFooter.tsx",
    "statementMap": {
      "0": {
        "start": { "line": 1, "column": 0 },
        "end": { "line": 1, "column": 26 }
      },
      "1": {
        "start": { "line": 4, "column": 48 },
        "end": { "line": 8, "column": 2 }
      },
      "2": {
        "start": { "line": 4, "column": 59 },
        "end": { "line": 4, "column": 64 }
      },
      "3": {
        "start": { "line": 4, "column": 68 },
        "end": { "line": 4, "column": 75 }
      },
      "4": {
        "start": { "line": 4, "column": 75 },
        "end": { "line": 8, "column": 2 }
      },
      "5": {
        "start": { "line": 10, "column": 0 },
        "end": { "line": 10, "column": 27 }
      }
    },
    "fnMap": {
      "0": {
        "name": "(anonymous_4)",
        "decl": {
          "start": { "line": 4, "column": 48 },
          "end": { "line": 4, "column": 49 }
        },
        "loc": {
          "start": { "line": 4, "column": 70 },
          "end": { "line": 8, "column": 2 }
        }
      }
    },
    "branchMap": {},
    "s": { "0": 2, "1": 2, "2": 1, "3": 1, "4": 1, "5": 2 },
    "f": { "0": 1 },
    "b": {}
  },
  "C:\\Users\\Tech_Pefti\\Downloads\\adegboyega_oluwapelumi_ui_garden-master (2)\\adegboyega_oluwapelumi_ui_garden-master\\src\\components\\Table\\TableHeader.tsx": {
    "path": "C:\\Users\\Tech_Pefti\\Downloads\\adegboyega_oluwapelumi_ui_garden-master (2)\\adegboyega_oluwapelumi_ui_garden-master\\src\\components\\Table\\TableHeader.tsx",
    "statementMap": {
      "0": {
        "start": { "line": 1, "column": 0 },
        "end": { "line": 1, "column": 26 }
      },
      "1": {
        "start": { "line": 4, "column": 48 },
        "end": { "line": 8, "column": 2 }
      },
      "2": {
        "start": { "line": 4, "column": 59 },
        "end": { "line": 4, "column": 64 }
      },
      "3": {
        "start": { "line": 4, "column": 68 },
        "end": { "line": 4, "column": 75 }
      },
      "4": {
        "start": { "line": 4, "column": 75 },
        "end": { "line": 8, "column": 2 }
      },
      "5": {
        "start": { "line": 10, "column": 0 },
        "end": { "line": 10, "column": 27 }
      }
    },
    "fnMap": {
      "0": {
        "name": "(anonymous_4)",
        "decl": {
          "start": { "line": 4, "column": 48 },
          "end": { "line": 4, "column": 49 }
        },
        "loc": {
          "start": { "line": 4, "column": 70 },
          "end": { "line": 8, "column": 2 }
        }
      }
    },
    "branchMap": {},
    "s": { "0": 2, "1": 2, "2": 1, "3": 1, "4": 1, "5": 2 },
    "f": { "0": 1 },
    "b": {}
  },
  "C:\\Users\\Tech_Pefti\\Downloads\\adegboyega_oluwapelumi_ui_garden-master (2)\\adegboyega_oluwapelumi_ui_garden-master\\src\\components\\Table\\TableRow.tsx": {
    "path": "C:\\Users\\Tech_Pefti\\Downloads\\adegboyega_oluwapelumi_ui_garden-master (2)\\adegboyega_oluwapelumi_ui_garden-master\\src\\components\\Table\\TableRow.tsx",
    "statementMap": {
      "0": {
        "start": { "line": 1, "column": 0 },
        "end": { "line": 1, "column": 26 }
      },
      "1": {
        "start": { "line": 4, "column": 42 },
        "end": { "line": 8, "column": 2 }
      },
      "2": {
        "start": { "line": 4, "column": 53 },
        "end": { "line": 4, "column": 58 }
      },
      "3": {
        "start": { "line": 4, "column": 62 },
        "end": { "line": 4, "column": 69 }
      },
      "4": {
        "start": { "line": 4, "column": 69 },
        "end": { "line": 8, "column": 2 }
      },
      "5": {
        "start": { "line": 10, "column": 0 },
        "end": { "line": 10, "column": 24 }
      }
    },
    "fnMap": {
      "0": {
        "name": "(anonymous_4)",
        "decl": {
          "start": { "line": 4, "column": 42 },
          "end": { "line": 4, "column": 43 }
        },
        "loc": {
          "start": { "line": 4, "column": 64 },
          "end": { "line": 8, "column": 2 }
        }
      }
    },
    "branchMap": {},
    "s": { "0": 2, "1": 2, "2": 3, "3": 3, "4": 3, "5": 2 },
    "f": { "0": 3 },
    "b": {}
  },
  "C:\\Users\\Tech_Pefti\\Downloads\\adegboyega_oluwapelumi_ui_garden-master (2)\\adegboyega_oluwapelumi_ui_garden-master\\src\\components\\Table\\index.ts": {
    "path": "C:\\Users\\Tech_Pefti\\Downloads\\adegboyega_oluwapelumi_ui_garden-master (2)\\adegboyega_oluwapelumi_ui_garden-master\\src\\components\\Table\\index.ts",
    "statementMap": {
      "0": {
        "start": { "line": 1, "column": 0 },
        "end": { "line": 1, "column": 9 }
      },
      "1": {
        "start": { "line": 1, "column": 9 },
        "end": { "line": 1, "column": 34 }
      },
      "2": {
        "start": { "line": 2, "column": 0 },
        "end": { "line": 2, "column": 30 }
      },
      "3": {
        "start": { "line": 3, "column": 0 },
        "end": { "line": 3, "column": 9 }
      },
      "4": {
        "start": { "line": 3, "column": 9 },
        "end": { "line": 3, "column": 31 }
      },
      "5": {
        "start": { "line": 4, "column": 0 },
        "end": { "line": 4, "column": 9 }
      },
      "6": {
        "start": { "line": 4, "column": 9 },
        "end": { "line": 4, "column": 28 }
      },
      "7": {
        "start": { "line": 5, "column": 0 },
        "end": { "line": 5, "column": 9 }
      },
      "8": {
        "start": { "line": 5, "column": 9 },
        "end": { "line": 5, "column": 29 }
      },
      "9": {
        "start": { "line": 6, "column": 0 },
        "end": { "line": 6, "column": 9 }
      },
      "10": {
        "start": { "line": 6, "column": 9 },
        "end": { "line": 6, "column": 31 }
      }
    },
    "fnMap": {
      "0": {
        "name": "(anonymous_5)",
        "decl": {
          "start": { "line": 1, "column": 9 },
          "end": { "line": 1, "column": 16 }
        },
        "loc": {
          "start": { "line": 1, "column": 9 },
          "end": { "line": 1, "column": 34 }
        }
      },
      "1": {
        "name": "(anonymous_6)",
        "decl": {
          "start": { "line": 3, "column": 9 },
          "end": { "line": 3, "column": 16 }
        },
        "loc": {
          "start": { "line": 3, "column": 9 },
          "end": { "line": 3, "column": 31 }
        }
      },
      "2": {
        "name": "(anonymous_7)",
        "decl": {
          "start": { "line": 4, "column": 9 },
          "end": { "line": 4, "column": 16 }
        },
        "loc": {
          "start": { "line": 4, "column": 9 },
          "end": { "line": 4, "column": 28 }
        }
      },
      "3": {
        "name": "(anonymous_8)",
        "decl": {
          "start": { "line": 5, "column": 9 },
          "end": { "line": 5, "column": 16 }
        },
        "loc": {
          "start": { "line": 5, "column": 9 },
          "end": { "line": 5, "column": 29 }
        }
      },
      "4": {
        "name": "(anonymous_9)",
        "decl": {
          "start": { "line": 6, "column": 9 },
          "end": { "line": 6, "column": 16 }
        },
        "loc": {
          "start": { "line": 6, "column": 9 },
          "end": { "line": 6, "column": 31 }
        }
      }
    },
    "branchMap": {},
    "s": {
      "0": 1,
      "1": 1,
      "2": 1,
      "3": 1,
      "4": 1,
      "5": 1,
      "6": 1,
      "7": 1,
      "8": 1,
      "9": 1,
      "10": 1
    },
    "f": { "0": 0, "1": 0, "2": 0, "3": 0, "4": 0 },
    "b": {}
  },
  "C:\\Users\\Tech_Pefti\\Downloads\\adegboyega_oluwapelumi_ui_garden-master (2)\\adegboyega_oluwapelumi_ui_garden-master\\src\\components\\Text\\Text.tsx": {
    "path": "C:\\Users\\Tech_Pefti\\Downloads\\adegboyega_oluwapelumi_ui_garden-master (2)\\adegboyega_oluwapelumi_ui_garden-master\\src\\components\\Text\\Text.tsx",
    "statementMap": {
      "0": {
        "start": { "line": 1, "column": 0 },
        "end": { "line": 1, "column": 26 }
      },
      "1": {
        "start": { "line": 4, "column": 34 },
        "end": { "line": 8, "column": 2 }
      },
      "2": {
        "start": { "line": 4, "column": 45 },
        "end": { "line": 4, "column": 50 }
      },
      "3": {
        "start": { "line": 4, "column": 54 },
        "end": { "line": 4, "column": 61 }
      },
      "4": {
        "start": { "line": 4, "column": 61 },
        "end": { "line": 8, "column": 2 }
      },
      "5": {
        "start": { "line": 10, "column": 0 },
        "end": { "line": 10, "column": 20 }
      }
    },
    "fnMap": {
      "0": {
        "name": "(anonymous_4)",
        "decl": {
          "start": { "line": 4, "column": 34 },
          "end": { "line": 4, "column": 35 }
        },
        "loc": {
          "start": { "line": 4, "column": 56 },
          "end": { "line": 8, "column": 2 }
        }
      }
    },
    "branchMap": {},
    "s": { "0": 1, "1": 1, "2": 2, "3": 2, "4": 2, "5": 1 },
    "f": { "0": 2 },
    "b": {}
  }
}
