TN:
SF:src\index.ts
FN:3,sum
FNF:1
FNH:1
FNDA:1,sum
DA:1,1
DA:3,1
DA:4,1
LF:3
LH:3
BRF:0
BRH:0
end_of_record
TN:
SF:src\components\index.ts
FN:1,(anonymous_5)
FN:4,(anonymous_6)
FN:7,(anonymous_7)
FN:8,(anonymous_8)
FN:8,(anonymous_9)
FN:8,(anonymous_10)
FN:8,(anonymous_11)
FN:11,(anonymous_12)
FN:14,(anonymous_13)
FN:17,(anonymous_14)
FN:20,(anonymous_15)
FN:23,(anonymous_16)
FNF:12
FNH:0
FNDA:0,(anonymous_5)
FNDA:0,(anonymous_6)
FNDA:0,(anonymous_7)
FNDA:0,(anonymous_8)
FNDA:0,(anonymous_9)
FNDA:0,(anonymous_10)
FNDA:0,(anonymous_11)
FNDA:0,(anonymous_12)
FNDA:0,(anonymous_13)
FNDA:0,(anonymous_14)
FNDA:0,(anonymous_15)
FNDA:0,(anonymous_16)
DA:1,1
DA:2,1
DA:4,1
DA:5,1
DA:7,1
DA:8,1
DA:9,1
DA:11,1
DA:12,1
DA:14,1
DA:15,1
DA:17,1
DA:18,1
DA:20,1
DA:21,1
DA:23,1
DA:24,1
LF:17
LH:17
BRF:0
BRH:0
end_of_record
TN:
SF:src\components\Button\Button.tsx
FN:4,(anonymous_4)
FNF:1
FNH:1
FNDA:2,(anonymous_4)
DA:1,2
DA:4,2
DA:5,2
DA:17,2
LF:4
LH:4
BRDA:9,0,0,1
BRDA:9,0,1,1
BRF:2
BRH:2
end_of_record
TN:
SF:src\components\Button\index.ts
FN:1,(anonymous_5)
FNF:1
FNH:0
FNDA:0,(anonymous_5)
DA:1,1
DA:2,1
LF:2
LH:2
BRF:0
BRH:0
end_of_record
TN:
SF:src\components\Card\Card.tsx
FN:4,(anonymous_4)
FNF:1
FNH:1
FNDA:2,(anonymous_4)
DA:1,2
DA:4,2
DA:19,2
LF:3
LH:3
BRF:0
BRH:0
end_of_record
TN:
SF:src\components\Card\index.ts
FN:1,(anonymous_5)
FNF:1
FNH:0
FNDA:0,(anonymous_5)
DA:1,1
DA:2,1
LF:2
LH:2
BRF:0
BRH:0
end_of_record
TN:
SF:src\components\Dropdown\Dropdown.tsx
FN:4,(anonymous_4)
FN:6,(anonymous_5)
FNF:2
FNH:2
FNDA:2,(anonymous_4)
FNDA:4,(anonymous_5)
DA:1,2
DA:4,2
DA:6,4
DA:14,2
LF:4
LH:4
BRF:0
BRH:0
end_of_record
TN:
SF:src\components\Dropdown\index.ts
FN:1,(anonymous_5)
FNF:1
FNH:0
FNDA:0,(anonymous_5)
DA:1,1
DA:2,1
LF:2
LH:2
BRF:0
BRH:0
end_of_record
TN:
SF:src\components\HeroImage\HeroImage.tsx
FN:4,(anonymous_4)
FNF:1
FNH:1
FNDA:2,(anonymous_4)
DA:1,2
DA:4,2
DA:5,2
DA:6,2
DA:7,2
DA:8,2
DA:9,2
DA:10,2
DA:11,2
DA:29,2
LF:10
LH:10
BRDA:6,0,0,1
BRDA:6,0,1,1
BRDA:7,1,0,1
BRDA:7,1,1,1
BRDA:8,2,0,1
BRDA:8,2,1,1
BRF:6
BRH:6
end_of_record
TN:
SF:src\components\HeroImage\index.ts
FN:1,(anonymous_5)
FNF:1
FNH:0
FNDA:0,(anonymous_5)
DA:1,1
DA:2,1
LF:2
LH:2
BRF:0
BRH:0
end_of_record
TN:
SF:src\components\Img\Img.tsx
FN:4,(anonymous_4)
FNF:1
FNH:1
FNDA:2,(anonymous_4)
DA:1,2
DA:4,2
DA:8,2
LF:3
LH:3
BRDA:4,0,0,1
BRDA:4,0,1,1
BRF:2
BRH:2
end_of_record
TN:
SF:src\components\Img\index.ts
FN:1,(anonymous_5)
FNF:1
FNH:0
FNDA:0,(anonymous_5)
DA:1,1
DA:2,1
LF:2
LH:2
BRF:0
BRH:0
end_of_record
TN:
SF:src\components\Label\Label.tsx
FN:4,(anonymous_4)
FNF:1
FNH:1
FNDA:2,(anonymous_4)
DA:1,2
DA:4,2
DA:14,2
LF:3
LH:3
BRDA:7,0,0,1
BRDA:7,0,1,1
BRF:2
BRH:2
end_of_record
TN:
SF:src\components\Label\index.ts
FN:1,(anonymous_5)
FNF:1
FNH:0
FNDA:0,(anonymous_5)
DA:1,1
DA:2,1
LF:2
LH:2
BRF:0
BRH:0
end_of_record
TN:
SF:src\components\RadioButton\RadioButton.tsx
FN:4,(anonymous_4)
FNF:1
FNH:1
FNDA:2,(anonymous_4)
DA:1,2
DA:4,2
DA:11,2
LF:3
LH:3
BRDA:7,0,0,2
BRDA:7,0,1,1
BRF:2
BRH:2
end_of_record
TN:
SF:src\components\RadioButton\index.ts
FN:1,(anonymous_5)
FNF:1
FNH:0
FNDA:0,(anonymous_5)
DA:1,1
DA:2,1
LF:2
LH:2
BRF:0
BRH:0
end_of_record
TN:
SF:src\components\Table\Table.tsx
FN:4,(anonymous_4)
FNF:1
FNH:1
FNDA:1,(anonymous_4)
DA:1,2
DA:4,2
DA:10,2
LF:3
LH:3
BRF:0
BRH:0
end_of_record
TN:
SF:src\components\Table\TableCell.tsx
FN:4,(anonymous_4)
FNF:1
FNH:1
FNDA:3,(anonymous_4)
DA:1,2
DA:4,3
DA:10,2
LF:3
LH:3
BRF:0
BRH:0
end_of_record
TN:
SF:src\components\Table\TableFooter.tsx
FN:4,(anonymous_4)
FNF:1
FNH:1
FNDA:1,(anonymous_4)
DA:1,2
DA:4,2
DA:10,2
LF:3
LH:3
BRF:0
BRH:0
end_of_record
TN:
SF:src\components\Table\TableHeader.tsx
FN:4,(anonymous_4)
FNF:1
FNH:1
FNDA:1,(anonymous_4)
DA:1,2
DA:4,2
DA:10,2
LF:3
LH:3
BRF:0
BRH:0
end_of_record
TN:
SF:src\components\Table\TableRow.tsx
FN:4,(anonymous_4)
FNF:1
FNH:1
FNDA:3,(anonymous_4)
DA:1,2
DA:4,3
DA:10,2
LF:3
LH:3
BRF:0
BRH:0
end_of_record
TN:
SF:src\components\Table\index.ts
FN:1,(anonymous_5)
FN:3,(anonymous_6)
FN:4,(anonymous_7)
FN:5,(anonymous_8)
FN:6,(anonymous_9)
FNF:5
FNH:0
FNDA:0,(anonymous_5)
FNDA:0,(anonymous_6)
FNDA:0,(anonymous_7)
FNDA:0,(anonymous_8)
FNDA:0,(anonymous_9)
DA:1,1
DA:2,1
DA:3,1
DA:4,1
DA:5,1
DA:6,1
LF:6
LH:6
BRF:0
BRH:0
end_of_record
TN:
SF:src\components\Text\Text.tsx
FN:4,(anonymous_4)
FNF:1
FNH:1
FNDA:2,(anonymous_4)
DA:1,1
DA:4,2
DA:10,1
LF:3
LH:3
BRF:0
BRH:0
end_of_record
